SF:lib/api/tokend_api.dart
DA:15,1
DA:20,1
DA:22,0
DA:24,3
DA:26,3
DA:27,1
DA:28,1
DA:29,1
DA:30,1
LF:9
LH:8
end_of_record
SF:lib/key_server/key_server.dart
DA:24,1
DA:29,0
DA:31,0
DA:36,0
DA:39,0
DA:40,0
DA:42,0
DA:43,0
DA:44,0
DA:45,0
DA:47,0
DA:49,0
DA:50,0
DA:51,0
DA:54,0
DA:59,0
DA:62,0
DA:67,0
DA:73,0
DA:75,0
DA:80,1
DA:81,2
DA:88,1
DA:89,2
DA:92,0
DA:93,0
DA:101,1
DA:104,2
DA:105,1
DA:108,2
DA:109,4
DA:115,1
DA:118,2
DA:120,1
DA:121,1
DA:123,2
DA:126,3
DA:127,3
DA:129,0
DA:130,0
DA:136,0
DA:144,0
DA:148,0
DA:158,0
DA:159,0
DA:161,0
DA:162,0
DA:164,0
DA:165,0
DA:166,0
DA:172,0
DA:174,0
DA:175,0
DA:176,0
DA:182,0
DA:186,0
DA:189,0
DA:190,0
DA:191,0
DA:192,0
DA:193,0
DA:194,0
DA:195,0
DA:199,0
DA:208,0
DA:209,0
DA:210,0
DA:211,0
DA:214,0
DA:218,0
DA:219,0
DA:220,0
DA:221,0
DA:222,0
DA:223,0
DA:224,0
DA:225,0
DA:226,0
DA:228,0
DA:231,0
DA:233,0
DA:234,0
DA:236,0
DA:237,0
DA:239,0
DA:241,0
DA:242,0
DA:243,0
DA:244,0
DA:246,0
DA:248,0
DA:249,0
DA:250,0
DA:251,0
DA:254,0
DA:255,0
DA:256,0
DA:268,0
DA:271,0
DA:272,0
DA:273,0
DA:274,0
DA:275,0
DA:276,0
DA:277,0
DA:278,0
DA:279,0
DA:280,0
DA:281,0
DA:284,0
DA:286,0
DA:289,0
DA:290,0
DA:292,0
DA:294,0
DA:296,0
DA:297,0
DA:299,0
DA:300,0
DA:302,0
DA:304,0
DA:307,0
DA:317,1
DA:326,1
DA:328,2
DA:329,1
DA:330,1
DA:331,1
DA:332,1
DA:333,1
DA:334,1
DA:335,1
DA:336,1
DA:338,1
DA:340,1
DA:343,1
DA:346,1
DA:349,2
DA:351,2
DA:352,1
DA:355,1
DA:356,1
DA:358,1
DA:359,3
DA:361,1
DA:363,1
DA:365,2
DA:369,1
DA:373,2
DA:374,4
DA:375,2
DA:377,0
DA:378,0
DA:387,0
DA:394,0
DA:395,0
DA:396,0
DA:397,0
DA:398,0
DA:399,0
DA:404,0
DA:405,0
DA:406,0
DA:407,0
DA:408,0
DA:409,0
DA:410,0
DA:411,0
DA:418,0
DA:419,0
DA:420,0
DA:421,0
DA:423,0
DA:424,0
DA:425,0
DA:426,0
DA:427,0
DA:428,0
DA:429,0
DA:430,0
DA:431,0
DA:432,0
DA:435,0
DA:438,0
DA:441,0
LF:185
LH:46
end_of_record
SF:lib/key_server/models/wallet_create_result.dart
DA:12,1
LF:1
LH:1
end_of_record
SF:lib/signing/account_request_signer.dart
DA:21,0
DA:22,0
DA:25,0
DA:27,0
LF:4
LH:0
end_of_record
SF:lib/api/base/base_api.dart
DA:13,1
DA:16,1
DA:17,4
DA:19,1
DA:20,2
DA:21,2
DA:24,0
DA:25,0
DA:28,0
DA:29,0
LF:10
LH:6
end_of_record
SF:lib/api/custom/custom_requests_api.dart
DA:15,1
DA:18,1
DA:20,5
DA:23,1
DA:25,2
DA:26,2
DA:33,1
DA:35,2
DA:36,3
DA:39,1
DA:43,2
DA:44,1
DA:45,4
DA:46,3
DA:54,0
DA:56,0
DA:57,0
DA:60,0
DA:64,0
DA:65,0
DA:71,0
DA:73,0
DA:74,0
DA:77,0
DA:81,0
DA:82,0
DA:88,0
DA:90,0
DA:93,0
DA:95,0
DA:96,0
LF:31
LH:14
end_of_record
SF:lib/factory/service_factory.dart
DA:15,1
DA:21,0
DA:23,0
DA:24,0
DA:25,0
DA:28,1
DA:31,4
DA:32,1
DA:34,1
DA:35,3
DA:38,0
DA:41,0
DA:42,0
DA:44,2
DA:47,1
DA:48,1
DA:53,0
DA:58,0
DA:59,0
DA:60,0
LF:20
LH:9
end_of_record
SF:lib/api/base/model/attributes_entity.dart
DA:5,0
DA:7,0
LF:2
LH:0
end_of_record
SF:lib/api/base/model/data_entity.dart
DA:7,0
DA:9,0
DA:12,0
DA:19,1
DA:21,0
DA:22,0
DA:25,4
DA:32,1
DA:34,0
DA:35,0
DA:38,4
DA:40,1
DA:41,1
DA:43,2
DA:44,2
LF:15
LH:8
end_of_record
SF:lib/key_server/models/wallet_relation.dart
DA:12,1
DA:14,2
DA:15,1
DA:16,1
DA:17,2
DA:20,0
DA:21,0
DA:22,0
DA:23,0
DA:25,1
DA:26,1
DA:28,4
DA:32,1
DA:33,2
DA:36,0
DA:37,0
DA:38,0
DA:41,1
DA:42,2
LF:19
LH:12
end_of_record
SF:lib/api/base/model/data_page.dart
DA:9,0
DA:13,0
DA:14,0
DA:17,0
DA:18,0
DA:23,0
DA:24,0
DA:27,0
DA:28,0
DA:30,0
DA:34,0
DA:35,0
DA:38,0
DA:40,0
DA:41,0
DA:47,0
DA:48,0
DA:50,0
DA:53,0
DA:55,0
DA:57,0
DA:62,0
DA:65,0
DA:69,0
DA:73,0
DA:74,0
DA:77,0
DA:78,0
DA:80,0
LF:29
LH:0
end_of_record
SF:lib/api/base/model/page.dart
DA:5,0
DA:6,0
DA:7,0
DA:9,0
DA:17,0
DA:18,0
DA:21,0
DA:23,0
DA:24,0
DA:25,0
DA:27,0
DA:28,0
DA:36,0
DA:38,0
DA:39,0
DA:40,0
DA:41,0
DA:43,0
DA:49,0
DA:51,0
DA:53,0
LF:21
LH:0
end_of_record
SF:lib/api/base/params/paging_params_v2.dart
DA:15,0
DA:16,0
DA:18,0
DA:20,0
DA:21,0
DA:22,0
DA:24,0
DA:25,0
DA:27,0
DA:28,0
DA:29,0
DA:30,0
DA:31,0
DA:43,0
DA:44,0
DA:48,0
DA:49,0
DA:53,0
DA:54,0
DA:58,0
DA:59,0
LF:21
LH:0
end_of_record
SF:lib/api/base/model/error_body.dart
DA:9,0
DA:11,0
DA:14,0
DA:16,0
DA:17,0
LF:5
LH:0
end_of_record
SF:lib/api/base/model/server_error.dart
DA:10,0
DA:12,0
DA:13,0
DA:14,0
DA:15,0
DA:16,0
LF:6
LH:0
end_of_record
SF:lib/api/base/model/forbidden_exception.dart
DA:7,0
DA:9,0
LF:2
LH:0
end_of_record
SF:lib/api/base/model/link.dart
DA:6,0
DA:7,0
DA:8,0
DA:10,0
DA:12,0
DA:14,0
LF:6
LH:0
end_of_record
SF:lib/api/base/model/remote_file.dart
DA:13,0
DA:15,0
DA:17,0
DA:20,0
DA:23,0
DA:25,0
DA:26,0
DA:28,0
DA:30,0
LF:9
LH:0
end_of_record
SF:lib/api/base/params/paging_order.dart
DA:1,1
DA:4,0
DA:5,0
LF:3
LH:1
end_of_record
SF:lib/api/base/params/paging_params.dart
DA:6,0
DA:7,0
DA:8,0
DA:9,0
DA:21,0
DA:23,0
DA:24,0
DA:25,0
DA:27,0
DA:28,0
DA:30,0
DA:31,0
LF:12
LH:0
end_of_record
SF:lib/api/base/params/query_params.dart
DA:6,0
DA:9,0
DA:10,0
DA:16,0
DA:17,0
DA:21,0
DA:23,0
DA:28,0
DA:29,0
DA:33,0
DA:34,0
DA:37,0
DA:38,0
LF:13
LH:0
end_of_record
SF:lib/api/custom/custom_requests_service.dart
DA:5,1
DA:7,1
DA:8,1
DA:11,1
DA:13,1
DA:14,1
DA:17,0
DA:19,0
DA:20,0
DA:23,0
DA:25,0
DA:26,0
DA:29,0
DA:31,0
DA:32,0
LF:15
LH:6
end_of_record
SF:lib/api/documents/documents_api.dart
DA:21,0
DA:26,0
DA:28,0
DA:29,0
DA:36,0
DA:38,0
DA:39,0
DA:45,0
DA:47,0
DA:48,0
DA:51,0
DA:52,0
DA:53,0
DA:54,0
DA:55,0
DA:57,0
DA:58,0
DA:59,0
DA:62,0
DA:64,0
DA:65,0
DA:68,0
DA:69,0
DA:70,0
DA:71,0
DA:74,0
DA:75,0
DA:84,0
DA:85,0
DA:86,0
DA:87,0
LF:31
LH:0
end_of_record
SF:lib/api/documents/model/document_type.dart
DA:1,1
LF:1
LH:1
end_of_record
SF:lib/api/documents/model/document_upload_request.dart
DA:10,0
DA:11,0
DA:12,0
DA:15,0
DA:16,0
DA:17,0
DA:18,0
DA:25,0
DA:27,0
DA:28,0
DA:37,0
DA:38,0
DA:39,0
DA:42,0
DA:48,0
DA:50,0
LF:16
LH:0
end_of_record
SF:lib/api/documents/model/owner_data_entity.dart
DA:6,0
DA:8,0
DA:10,0
LF:3
LH:0
end_of_record
SF:lib/api/tfa/model/verify_tfa_request_body.dart
DA:5,0
DA:7,0
DA:8,0
DA:9,0
DA:11,0
LF:5
LH:0
end_of_record
SF:lib/api/v3/tokenD_api_v3.dart
DA:13,1
DA:18,1
DA:20,3
LF:3
LH:3
end_of_record
SF:lib/api/wallets/wallets_api.dart
DA:18,1
DA:25,0
DA:28,0
DA:29,0
DA:30,0
DA:31,0
DA:32,0
DA:33,0
DA:34,0
DA:35,0
DA:36,0
DA:37,0
DA:46,1
DA:48,4
DA:49,1
DA:50,4
DA:51,4
DA:52,0
DA:53,0
DA:54,0
DA:55,0
DA:65,0
DA:66,0
DA:67,0
DA:72,0
DA:73,0
DA:74,0
DA:79,0
DA:80,0
DA:81,0
DA:84,0
DA:85,0
DA:88,0
DA:91,0
DA:92,0
DA:95,0
DA:98,0
DA:103,0
DA:104,0
DA:109,1
DA:111,3
DA:112,1
DA:113,2
DA:114,0
DA:115,0
DA:116,0
LF:46
LH:10
end_of_record
SF:lib/api/v3/keyvalue/KeyValueStorageApiV3.dart
DA:8,1
DA:11,0
DA:12,0
DA:13,0
DA:14,0
DA:18,1
DA:19,1
DA:20,2
DA:21,4
LF:9
LH:5
end_of_record
SF:lib/api/v3/signers/signers_api_v3.dart
DA:7,0
DA:12,0
DA:13,0
DA:17,0
DA:18,0
DA:19,0
DA:20,0
DA:24,0
DA:25,0
DA:29,0
DA:30,0
DA:31,0
DA:32,0
DA:36,0
DA:37,0
DA:38,0
DA:39,0
LF:17
LH:0
end_of_record
SF:lib/api/wallets/model/exceptions.dart
DA:6,0
DA:8,0
DA:14,0
DA:15,0
DA:21,0
DA:23,0
LF:6
LH:0
end_of_record
SF:lib/api/wallets/model/verify_wallet_resource_body.dart
DA:4,0
DA:6,0
LF:2
LH:0
end_of_record
SF:lib/api/wallets/model/wallet_resource_body.dart
DA:11,1
DA:12,3
DA:15,2
DA:16,2
DA:17,2
DA:20,0
DA:21,0
DA:22,0
DA:25,1
DA:26,1
DA:27,2
DA:28,2
LF:12
LH:9
end_of_record
SF:lib/key_server/models/wallet_data.dart
DA:21,2
DA:22,1
DA:23,1
DA:24,2
DA:25,2
DA:28,1
DA:29,1
DA:30,2
DA:31,2
DA:33,2
DA:38,1
DA:39,1
DA:40,1
DA:41,2
DA:42,0
DA:44,0
DA:46,1
DA:51,1
DA:52,1
DA:53,1
DA:54,1
DA:55,1
DA:59,1
DA:60,3
DA:63,1
DA:64,4
DA:67,1
DA:68,4
DA:69,1
DA:70,1
DA:71,2
DA:75,2
DA:78,5
DA:79,1
DA:91,1
DA:94,2
DA:95,1
DA:96,1
DA:97,1
DA:98,1
DA:99,1
DA:100,1
DA:103,1
DA:104,1
DA:105,0
DA:106,0
DA:107,0
DA:108,0
DA:109,0
DA:111,0
DA:112,0
LF:51
LH:42
end_of_record
SF:lib/key_server/models/login_params.dart
DA:9,1
DA:11,1
DA:12,1
DA:13,2
DA:14,2
DA:25,1
DA:28,1
DA:29,1
DA:30,1
DA:31,1
DA:32,1
DA:33,1
DA:34,1
DA:36,3
DA:38,1
DA:39,2
DA:42,3
LF:17
LH:17
end_of_record
SF:lib/redirects/client_redirect_payload.dart
DA:13,0
DA:15,0
DA:16,0
DA:17,0
DA:19,0
DA:20,0
DA:23,0
DA:24,0
DA:25,0
DA:26,0
DA:27,0
DA:30,0
DA:32,0
DA:33,0
LF:14
LH:0
end_of_record
SF:lib/redirects/client_redirect_type.dart
DA:1,1
DA:4,0
DA:5,0
DA:12,0
DA:13,0
LF:5
LH:1
end_of_record
SF:lib/signing/sign_interceptor.dart
DA:18,0
DA:21,0
DA:22,0
DA:23,0
DA:30,0
DA:32,0
DA:33,0
DA:34,0
DA:35,0
DA:36,0
DA:37,0
DA:38,0
DA:44,0
DA:47,0
DA:48,0
DA:49,0
DA:50,0
DA:51,0
DA:54,0
DA:59,0
DA:61,0
DA:62,0
DA:64,0
DA:65,0
DA:66,0
DA:68,0
DA:69,0
DA:72,0
DA:73,0
DA:74,0
DA:75,0
DA:77,0
DA:78,0
DA:81,0
DA:83,0
LF:35
LH:0
end_of_record
SF:lib/tfa/tfa_interceptor.dart
DA:14,0
DA:16,0
DA:18,0
DA:19,0
DA:20,0
DA:21,0
DA:22,0
DA:23,0
DA:24,0
DA:25,0
DA:29,0
DA:30,0
DA:34,0
DA:37,0
DA:40,0
DA:41,0
DA:49,0
LF:17
LH:0
end_of_record
SF:lib/tfa/tfa_verification_service.dart
DA:6,0
DA:8,0
DA:9,0
LF:3
LH:0
end_of_record
SF:lib/key_server/models/signer_data.dart
DA:14,2
DA:15,1
DA:16,1
DA:17,1
DA:18,1
DA:19,1
DA:22,0
DA:23,0
DA:24,0
DA:25,0
DA:26,0
DA:27,0
DA:29,0
DA:32,1
DA:33,1
DA:34,1
DA:35,1
DA:36,1
DA:37,1
LF:19
LH:12
end_of_record
SF:lib/key_server/models/wallet_info.dart
DA:11,0
DA:14,0
DA:15,0
DA:16,0
DA:17,0
DA:18,0
DA:19,0
DA:20,0
DA:21,0
DA:24,0
DA:26,0
DA:27,0
DA:29,0
DA:31,0
DA:36,0
DA:37,0
DA:40,0
DA:42,0
DA:43,0
DA:44,0
DA:45,0
DA:46,0
DA:50,0
DA:52,0
DA:53,0
DA:54,0
DA:55,0
DA:57,0
DA:59,0
DA:60,0
DA:65,0
LF:31
LH:0
end_of_record
SF:lib/key_server/wallet_encryption.dart
DA:27,1
DA:29,1
DA:35,3
DA:36,1
DA:37,2
DA:38,1
DA:40,3
DA:41,0
DA:46,4
DA:48,2
DA:50,2
DA:51,1
DA:52,1
DA:65,0
DA:67,0
DA:70,0
DA:72,0
DA:73,0
DA:75,0
DA:76,0
DA:78,0
DA:79,0
DA:81,0
DA:82,0
DA:83,0
DA:84,0
DA:86,0
DA:94,0
DA:96,0
DA:108,1
DA:110,1
DA:111,2
DA:123,1
DA:125,1
DA:126,1
DA:127,2
DA:129,2
DA:130,1
DA:131,0
DA:133,1
DA:135,1
DA:138,1
DA:139,0
DA:141,1
DA:145,1
DA:149,2
LF:46
LH:27
end_of_record
SF:lib/key_server/wallet_key_derivation.dart
DA:15,1
DA:17,1
DA:19,3
DA:20,1
DA:22,2
DA:26,1
DA:29,1
DA:31,1
DA:33,1
DA:35,1
DA:36,2
DA:38,2
DA:45,1
DA:47,1
DA:48,3
DA:49,1
DA:51,0
DA:53,2
DA:59,1
DA:61,2
DA:65,1
DA:66,1
LF:22
LH:21
end_of_record
SF:lib/key_server/models/encrypted_wallet_account.dart
DA:18,0
DA:21,1
DA:23,1
DA:24,1
DA:25,2
DA:26,2
DA:29,0
DA:30,0
DA:31,0
DA:32,0
DA:33,0
DA:35,2
DA:36,1
DA:37,1
DA:38,1
DA:39,1
DA:42,0
DA:43,0
DA:46,0
DA:47,0
DA:48,0
LF:21
LH:10
end_of_record
SF:lib/key_server/models/keychain_data.dart
DA:13,0
DA:16,0
DA:18,1
DA:21,0
DA:22,0
DA:23,0
DA:24,0
DA:25,0
DA:27,2
DA:28,1
DA:29,1
DA:30,1
DA:31,1
DA:34,1
DA:35,4
DA:36,1
DA:39,0
DA:40,0
DA:41,0
DA:44,1
DA:45,1
DA:46,2
LF:22
LH:12
end_of_record
SF:lib/utils/extensions/encoding.dart
DA:7,1
DA:8,1
DA:13,1
DA:14,1
DA:17,1
DA:18,1
LF:6
LH:6
end_of_record
SF:lib/key_server/seedreader/keychain_data_seed_reader.dart
DA:8,0
DA:46,0
DA:49,0
DA:51,0
DA:56,0
DA:57,0
LF:6
LH:0
end_of_record
SF:lib/utils/statemachine/char_seequence_machine.dart
DA:9,0
DA:10,0
DA:12,0
DA:13,0
DA:16,0
DA:19,0
DA:20,0
DA:21,0
DA:23,0
DA:27,0
LF:10
LH:0
end_of_record
SF:lib/utils/statemachine/char_state.dart
DA:7,0
DA:11,0
DA:12,0
DA:14,0
DA:16,0
DA:19,0
DA:21,0
DA:24,0
DA:26,0
DA:28,0
DA:29,0
DA:31,0
DA:34,0
DA:38,0
DA:39,0
DA:44,0
DA:56,0
DA:57,0
LF:18
LH:0
end_of_record
SF:lib/utils/statemachine/char_transition.dart
DA:6,0
DA:10,0
DA:12,0
DA:13,0
DA:17,0
DA:19,0
LF:6
LH:0
end_of_record
SF:lib/key_server/seedreader/keychain_data_seeds_array_reader.dart
DA:9,0
DA:10,0
DA:11,0
DA:12,0
DA:13,0
DA:14,0
DA:15,0
DA:16,0
DA:18,0
DA:19,0
DA:20,0
DA:21,0
DA:23,0
DA:25,0
DA:26,0
DA:27,0
DA:28,0
DA:29,0
DA:31,0
DA:33,0
DA:34,0
DA:35,0
DA:36,0
DA:39,0
DA:40,0
DA:42,0
DA:43,0
DA:44,0
DA:47,0
DA:49,0
DA:50,0
DA:51,0
DA:52,0
DA:53,0
DA:55,0
DA:57,0
DA:59,0
DA:61,0
DA:64,0
DA:66,0
LF:40
LH:0
end_of_record
SF:lib/key_server/seedreader/keychain_data_single_seed_reader.dart
DA:9,0
DA:10,0
DA:11,0
DA:12,0
DA:13,0
DA:14,0
DA:16,0
DA:17,0
DA:18,0
DA:19,0
DA:21,0
DA:23,0
DA:24,0
DA:25,0
DA:26,0
DA:28,0
DA:29,0
DA:30,0
DA:33,0
DA:35,0
DA:37,0
DA:39,0
DA:42,0
DA:44,0
LF:24
LH:0
end_of_record
SF:lib/utils/extensions/converting.dart
DA:4,1
DA:5,2
LF:2
LH:2
end_of_record
SF:lib/utils/extensions/random.dart
DA:5,1
DA:6,1
DA:7,1
DA:8,2
LF:4
LH:4
end_of_record
SF:lib/tfa/exceptions.dart
DA:7,0
DA:9,0
DA:21,0
DA:23,0
DA:33,0
DA:34,0
DA:35,0
DA:36,0
DA:37,0
DA:38,0
DA:39,0
DA:40,0
DA:41,0
DA:42,0
DA:43,0
LF:15
LH:0
end_of_record
SF:lib/tfa/tfa_verifier.dart
DA:16,0
DA:17,0
DA:20,0
DA:21,0
DA:22,0
DA:28,0
DA:29,0
DA:33,0
DA:34,0
DA:38,0
DA:40,0
DA:41,0
DA:42,0
DA:43,0
DA:44,0
DA:45,0
DA:46,0
DA:47,0
DA:65,0
DA:69,0
DA:72,0
DA:73,0
DA:74,0
DA:80,0
DA:82,0
LF:25
LH:0
end_of_record
